<?xml version="1.0" encoding="UTF-8"?>
<!-- Generated by org.testng.reporters.JUnitReportReporter -->
<testsuite skipped="0" hostname="Fahim" name="testAnnotaions.AnnotionInTestNG" tests="1" failures="0" timestamp="2022-08-23T18:22:39 IST" time="0.005" errors="0">
  <testcase name="f" time="0.005" classname="testAnnotaions.AnnotionInTestNG"/>
  <system-out>
    <![CDATA[Test Case 1 Execution]]>
  </system-out>
</testsuite> <!-- testAnnotaions.AnnotionInTestNG -->
