<?xml version="1.0" encoding="UTF-8"?>
<!-- Generated by org.testng.reporters.JUnitReportReporter -->
<testsuite skipped="0" hostname="Fahim" name="testNGPack_B8.TestMethod1" tests="2" failures="0" timestamp="2022-08-24T12:52:02 IST" time="0.016" errors="0">
  <testcase name="method2" time="0.008" classname="testNGPack_B8.TestMethod1"/>
  <system-out>
    <![CDATA[method2 15]]>
  </system-out>
  <testcase name="method1" time="0.008" classname="testNGPack_B8.TestMethod1"/>
  <system-out>
    <![CDATA[method1 14]]>
  </system-out>
</testsuite> <!-- testNGPack_B8.TestMethod1 -->
