<?xml version="1.0" encoding="UTF-8"?>
<!-- Generated by org.testng.reporters.JUnitReportReporter -->
<testsuite skipped="0" hostname="Fahim" name="testNGPack.A" tests="1" failures="0" timestamp="2022-08-18T11:39:22 IST" time="0.009" errors="0">
  <testcase name="f" time="0.009" classname="testNGPack.A"/>
  <system-out>
    <![CDATA[Ye Dosti hum nahi todenge]]>
  </system-out>
</testsuite> <!-- testNGPack.A -->
