<?xml version="1.0" encoding="UTF-8"?>
<!-- Generated by org.testng.reporters.JUnitReportReporter -->
<testsuite skipped="0" hostname="Fahim" name="testNGPack_B8.ActiTimeLogin" tests="2" failures="0" timestamp="2022-08-24T19:17:59 IST" time="16.375" errors="0">
  <testcase name="actiTimelogin" time="9.215" classname="testNGPack_B8.ActiTimeLogin"/>
  <system-out/>
  <testcase name="actiTimelogin" time="7.160" classname="testNGPack_B8.ActiTimeLogin"/>
  <system-out/>
</testsuite> <!-- testNGPack_B8.ActiTimeLogin -->
