<?xml version="1.0" encoding="UTF-8"?>
<!-- Generated by org.testng.reporters.JUnitReportReporter -->
<testsuite skipped="0" hostname="Fahim" name="assertionInTestNG_C1.Assertion1" tests="1" failures="0" timestamp="2022-08-27T11:37:31 IST" time="0.012" errors="0">
  <testcase name="actiTime" time="0.012" classname="assertionInTestNG_C1.Assertion1"/>
  <system-out>
    <![CDATA[enter the url
verify the title of login page 
enter the username
enter the password
click on login button
verify the home page
create user
delete user
create reports]]>
  </system-out>
</testsuite> <!-- assertionInTestNG_C1.Assertion1 -->
