<?xml version="1.0" encoding="UTF-8"?>
<!-- Generated by org.testng.reporters.JUnitReportReporter -->
<testsuite skipped="0" hostname="Fahim" name="testAnnotaions.TestValidLogin" tests="3" failures="0" timestamp="2022-08-23T10:28:52 IST" time="43.102" errors="0">
  <testcase name="search3" time="14.622" classname="testAnnotaions.TestValidLogin"/>
  <system-out/>
  <testcase name="search1" time="13.881" classname="testAnnotaions.TestValidLogin"/>
  <system-out/>
  <testcase name="search2" time="14.599" classname="testAnnotaions.TestValidLogin"/>
  <system-out/>
</testsuite> <!-- testAnnotaions.TestValidLogin -->
