<?xml version="1.0" encoding="UTF-8"?>
<!-- Generated by org.testng.reporters.JUnitReportReporter -->
<testsuite skipped="0" hostname="Fahim" name="testNGPack_B8.A" tests="1" failures="0" timestamp="2022-08-23T12:58:24 IST" time="0.000" errors="0">
  <testcase name="f" time="0.000" classname="testNGPack_B8.A"/>
  <system-out>
    <![CDATA[Ye Dosti hum nahi todenge]]>
  </system-out>
</testsuite> <!-- testNGPack_B8.A -->
