<?xml version="1.0" encoding="UTF-8"?>
<!-- Generated by org.testng.reporters.JUnitReportReporter -->
<testsuite skipped="0" hostname="Fahim" name="testAnnotaions_B9.DataProviderCode" tests="5" failures="0" timestamp="2022-08-27T10:48:37 IST" time="29.917" errors="0">
  <testcase name="TestActiTimeInvalidLogin" time="5.733" classname="testAnnotaions_B9.DataProviderCode"/>
  <system-out/>
  <testcase name="TestActiTimeInvalidLogin" time="5.773" classname="testAnnotaions_B9.DataProviderCode"/>
  <system-out/>
  <testcase name="TestActiTimeInvalidLogin" time="5.593" classname="testAnnotaions_B9.DataProviderCode"/>
  <system-out/>
  <testcase name="TestActiTimeInvalidLogin" time="5.818" classname="testAnnotaions_B9.DataProviderCode"/>
  <system-out/>
  <testcase name="TestActiTimeInvalidLogin" time="7.000" classname="testAnnotaions_B9.DataProviderCode"/>
  <system-out/>
</testsuite> <!-- testAnnotaions_B9.DataProviderCode -->
