<?xml version="1.0" encoding="UTF-8"?>
<!-- Generated by org.testng.reporters.JUnitReportReporter -->
<testsuite skipped="0" hostname="Fahim" name="testAnnotaions.AnnotationsIntestNG_2" tests="2" failures="0" timestamp="2022-08-23T18:33:38 IST" time="0.007" errors="0">
  <testcase name="f2" time="0.001" classname="testAnnotaions.AnnotationsIntestNG_2"/>
  <system-out>
    <![CDATA[Test case 2 Execution]]>
  </system-out>
  <testcase name="f" time="0.006" classname="testAnnotaions.AnnotationsIntestNG_2"/>
  <system-out>
    <![CDATA[Test case 1 Execution]]>
  </system-out>
</testsuite> <!-- testAnnotaions.AnnotationsIntestNG_2 -->
