<?xml version="1.0" encoding="UTF-8"?>
<!-- Generated by org.testng.reporters.JUnitReportReporter -->
<testsuite skipped="0" hostname="Fahim" name="parameterTesting.NewTest" tests="1" failures="0" timestamp="2022-08-22T15:52:54 IST" time="0.007" errors="0">
  <testcase name="test1" time="0.007" classname="parameterTesting.NewTest"/>
  <system-out>
    <![CDATA[test1 method]]>
  </system-out>
</testsuite> <!-- parameterTesting.NewTest -->
