<?xml version="1.0" encoding="UTF-8"?>
<!-- Generated by org.testng.reporters.JUnitReportReporter -->
<testsuite skipped="0" hostname="Fahim" name="testAnnotaions.NewTest" tests="2" failures="0" timestamp="2022-08-23T10:44:57 IST" time="0.003" errors="0">
  <testcase name="test2" time="0.000" classname="testAnnotaions.NewTest"/>
  <system-out>
    <![CDATA[Test case 2]]>
  </system-out>
  <testcase name="test1" time="0.003" classname="testAnnotaions.NewTest"/>
  <system-out>
    <![CDATA[Test case 1]]>
  </system-out>
</testsuite> <!-- testAnnotaions.NewTest -->
