<?xml version="1.0" encoding="UTF-8"?>
<!-- Generated by org.testng.reporters.JUnitReportReporter -->
<testsuite skipped="0" hostname="Fahim" name="parameterTesting_B9.NewTest" tests="2" failures="0" timestamp="2022-08-23T14:33:28 IST" time="0.016" errors="0">
  <testcase name="test2" time="0.000" classname="parameterTesting_B9.NewTest"/>
  <system-out>
    <![CDATA[Test case 2]]>
  </system-out>
  <testcase name="test1" time="0.016" classname="parameterTesting_B9.NewTest"/>
  <system-out>
    <![CDATA[Test case 1]]>
  </system-out>
</testsuite> <!-- parameterTesting_B9.NewTest -->
