<?xml version="1.0" encoding="UTF-8"?>
<!-- Generated by org.testng.reporters.JUnitReportReporter -->
<testsuite skipped="0" hostname="Fahim" name="testNGPack_B8.Demo" tests="1" failures="0" timestamp="2022-08-23T13:15:18 IST" time="0.000" errors="0">
  <testcase name="method1" time="0.000" classname="testNGPack_B8.Demo"/>
  <system-out>
    <![CDATA[Method1]]>
  </system-out>
</testsuite> <!-- testNGPack_B8.Demo -->
