<?xml version="1.0" encoding="UTF-8"?>
<!-- Generated by org.testng.reporters.JUnitReportReporter -->
<testsuite skipped="0" hostname="Fahim" name="testNGPack_B8.Flag8" tests="2" failures="0" timestamp="2022-08-24T12:50:13 IST" time="16.111" errors="0">
  <testcase name="loginActiTime" time="7.740" classname="testNGPack_B8.Flag8"/>
  <system-out/>
  <testcase name="loginActiTime" time="8.371" classname="testNGPack_B8.Flag8"/>
  <system-out/>
</testsuite> <!-- testNGPack_B8.Flag8 -->
