<?xml version="1.0" encoding="UTF-8"?>
<!-- Generated by org.testng.reporters.JUnitReportReporter -->
<testsuite skipped="0" hostname="Fahim" name="testNGPack_B8.Flag1" tests="2" failures="0" timestamp="2022-08-25T11:54:30 IST" time="0.007" errors="0">
  <testcase name="invalidActiTimeTest" time="0.006" classname="testNGPack_B8.Flag1"/>
  <system-out>
    <![CDATA[invalid login is performed]]>
  </system-out>
  <testcase name="validActiTimeTest" time="0.001" classname="testNGPack_B8.Flag1"/>
  <system-out>
    <![CDATA[valid login is performed]]>
  </system-out>
</testsuite> <!-- testNGPack_B8.Flag1 -->
