<?xml version="1.0" encoding="UTF-8"?>
<!-- Generated by org.testng.reporters.JUnitReportReporter -->
<testsuite skipped="0" hostname="Fahim" name="testNGPack_B8.Remo" tests="1" failures="0" timestamp="2022-08-23T13:15:18 IST" time="0.000" errors="0">
  <testcase name="Method2" time="0.000" classname="testNGPack_B8.Remo"/>
  <system-out>
    <![CDATA[Method2]]>
  </system-out>
</testsuite> <!-- testNGPack_B8.Remo -->
