<?xml version="1.0" encoding="UTF-8"?>
<!-- Generated by org.testng.reporters.JUnitReportReporter -->
<testsuite skipped="1" hostname="Fahim" name="testNGPack_B8.Flag2" tests="3" failures="0" timestamp="2022-08-25T11:59:42 IST" time="0.006" errors="0">
  <testcase name="method3" time="0.001" classname="testNGPack_B8.Flag2"/>
  <system-out>
    <![CDATA[ActiTime create Report]]>
  </system-out>
  <testcase name="method2" time="0.005" classname="testNGPack_B8.Flag2"/>
  <system-out>
    <![CDATA[ActiTime create user]]>
  </system-out>
  <testcase name="method1" classname="testNGPack_B8.Flag2">
    <skipped/>
  </testcase> <!-- method1 -->
  <system-out/>
</testsuite> <!-- testNGPack_B8.Flag2 -->
