<?xml version="1.0" encoding="UTF-8"?>
<!-- Generated by org.testng.reporters.JUnitReportReporter -->
<testsuite skipped="0" hostname="Fahim" name="testAnnotaions.Class1" tests="1" failures="0" timestamp="2022-08-24T11:26:31 IST" time="3.375" errors="0">
  <testcase name="lounchGoogle1" time="3.375" classname="testAnnotaions.Class1"/>
  <system-out/>
</testsuite> <!-- testAnnotaions.Class1 -->
