<?xml version="1.0" encoding="UTF-8"?>
<!-- Generated by org.testng.reporters.JUnitReportReporter -->
<testsuite skipped="0" hostname="Fahim" name="testNGPack_B8.Flag7_invocationCount" tests="5" failures="0" timestamp="2022-08-25T13:15:53 IST" time="0.008" errors="0">
  <testcase name="f" time="0.001" classname="testNGPack_B8.Flag7_invocationCount"/>
  <system-out>
    <![CDATA[create and delete user]]>
  </system-out>
  <testcase name="f" time="0.001" classname="testNGPack_B8.Flag7_invocationCount"/>
  <system-out>
    <![CDATA[create and delete user]]>
  </system-out>
  <testcase name="f" time="0.001" classname="testNGPack_B8.Flag7_invocationCount"/>
  <system-out>
    <![CDATA[create and delete user]]>
  </system-out>
  <testcase name="f" time="0.005" classname="testNGPack_B8.Flag7_invocationCount"/>
  <system-out>
    <![CDATA[create and delete user]]>
  </system-out>
  <testcase name="f" time="0.000" classname="testNGPack_B8.Flag7_invocationCount"/>
  <system-out>
    <![CDATA[create and delete user]]>
  </system-out>
</testsuite> <!-- testNGPack_B8.Flag7_invocationCount -->
