<?xml version="1.0" encoding="UTF-8"?>
<!-- Generated by org.testng.reporters.JUnitReportReporter -->
<testsuite skipped="0" hostname="Fahim" name="assertionInTestNG_C1.ActiTimeAssertion" tests="1" failures="0" timestamp="2022-08-26T14:32:49 IST" time="10.076" errors="0">
  <testcase name="ActiTimeTest" time="10.076" classname="assertionInTestNG_C1.ActiTimeAssertion"/>
  <system-out>
    <![CDATA[login title is verfied
username text box is displayed
password text box is displaed
login button is displayed
homePage title is verified
create user
create reports]]>
  </system-out>
</testsuite> <!-- assertionInTestNG_C1.ActiTimeAssertion -->
