<?xml version="1.0" encoding="UTF-8"?>
<!-- Generated by org.testng.reporters.JUnitReportReporter -->
<testsuite skipped="0" hostname="Fahim" name="testNGPack_B8.TestActiTime1" tests="2" failures="0" timestamp="2022-08-24T12:32:42 IST" time="15.893" errors="0">
  <testcase name="actiTimeLogout" time="9.392" classname="testNGPack_B8.TestActiTime1"/>
  <system-out/>
  <testcase name="logintoActiTime" time="6.501" classname="testNGPack_B8.TestActiTime1"/>
  <system-out/>
</testsuite> <!-- testNGPack_B8.TestActiTime1 -->
