<?xml version="1.0" encoding="UTF-8"?>
<!-- Generated by org.testng.reporters.JUnitReportReporter -->
<testsuite skipped="0" hostname="Fahim" name="testNGPack_B8.Flag6_groups" tests="18" failures="0" timestamp="2022-08-25T13:45:36 IST" time="0.026" errors="0">
  <testcase name="ft5" time="0.001" classname="testNGPack_B8.Flag6_groups"/>
  <system-out>
    <![CDATA[functional test case 5]]>
  </system-out>
  <testcase name="it6" time="0.001" classname="testNGPack_B8.Flag6_groups"/>
  <system-out>
    <![CDATA[integration test case 6]]>
  </system-out>
  <testcase name="it1" time="0.001" classname="testNGPack_B8.Flag6_groups"/>
  <system-out>
    <![CDATA[integration test case 1]]>
  </system-out>
  <testcase name="it4" time="0.002" classname="testNGPack_B8.Flag6_groups"/>
  <system-out>
    <![CDATA[integration test case 4]]>
  </system-out>
  <testcase name="ft2" time="0.002" classname="testNGPack_B8.Flag6_groups"/>
  <system-out>
    <![CDATA[functional test case 2]]>
  </system-out>
  <testcase name="ft1" time="0.008" classname="testNGPack_B8.Flag6_groups"/>
  <system-out>
    <![CDATA[functional test case 1]]>
  </system-out>
  <testcase name="ft6" time="0.001" classname="testNGPack_B8.Flag6_groups"/>
  <system-out>
    <![CDATA[functional test case 6]]>
  </system-out>
  <testcase name="st4" time="0.001" classname="testNGPack_B8.Flag6_groups"/>
  <system-out>
    <![CDATA[smoke test case 4]]>
  </system-out>
  <testcase name="it3" time="0.001" classname="testNGPack_B8.Flag6_groups"/>
  <system-out>
    <![CDATA[integration test case 3]]>
  </system-out>
  <testcase name="st3" time="0.001" classname="testNGPack_B8.Flag6_groups"/>
  <system-out>
    <![CDATA[smoke test case 3]]>
  </system-out>
  <testcase name="ft4" time="0.001" classname="testNGPack_B8.Flag6_groups"/>
  <system-out>
    <![CDATA[functional test case4]]>
  </system-out>
  <testcase name="st6" time="0.001" classname="testNGPack_B8.Flag6_groups"/>
  <system-out>
    <![CDATA[smoke test case 6]]>
  </system-out>
  <testcase name="it2" time="0.001" classname="testNGPack_B8.Flag6_groups"/>
  <system-out>
    <![CDATA[integration test case 2]]>
  </system-out>
  <testcase name="it5" time="0.001" classname="testNGPack_B8.Flag6_groups"/>
  <system-out>
    <![CDATA[integration test case 5]]>
  </system-out>
  <testcase name="st1" time="0.001" classname="testNGPack_B8.Flag6_groups"/>
  <system-out>
    <![CDATA[smoke test case 1]]>
  </system-out>
  <testcase name="st2" time="0.001" classname="testNGPack_B8.Flag6_groups"/>
  <system-out>
    <![CDATA[smoke test case 2]]>
  </system-out>
  <testcase name="ft3" time="0.000" classname="testNGPack_B8.Flag6_groups"/>
  <system-out>
    <![CDATA[functional test case 3]]>
  </system-out>
  <testcase name="st5" time="0.001" classname="testNGPack_B8.Flag6_groups"/>
  <system-out>
    <![CDATA[smoke test case 5]]>
  </system-out>
</testsuite> <!-- testNGPack_B8.Flag6_groups -->
