<?xml version="1.0" encoding="UTF-8"?>
<!-- Generated by org.testng.reporters.JUnitReportReporter -->
<testsuite skipped="0" hostname="Fahim" name="testNGPack_B8.ActiTimeTest" tests="3" failures="0" timestamp="2022-08-23T18:10:23 IST" time="0.010" errors="0">
  <testcase name="loginActiTime" time="0.008" classname="testNGPack_B8.ActiTimeTest"/>
  <system-out>
    <![CDATA[login ActiTime]]>
  </system-out>
  <testcase name="createUser" time="0.001" classname="testNGPack_B8.ActiTimeTest"/>
  <system-out>
    <![CDATA[Create User]]>
  </system-out>
  <testcase name="logoutActiTime" time="0.001" classname="testNGPack_B8.ActiTimeTest"/>
  <system-out>
    <![CDATA[logout ActiTime]]>
  </system-out>
</testsuite> <!-- testNGPack_B8.ActiTimeTest -->
